<?xml version="1.0" encoding="UTF-8"?>
<testng-results ignored="0" total="1" passed="1" failed="0" skipped="0">
  <reporter-output>
    <line>
      <![CDATA[<B><font color = 'orange'>Username .</font></B> Entered User ID]]>
    </line>
    <line>
      <![CDATA[<B><font color = 'orange'>Username .</font></B> Entered User ID]]>
    </line>
    <line>
      <![CDATA[<B><font color = 'orange'>Password .</font></B> Entered Password]]>
    </line>
    <line>
      <![CDATA[<B><font color = 'orange'>Sign In Button .</font></B> Clicked on Submit Button]]>
    </line>
  </reporter-output>
  <suite started-at="2025-02-13T18:01:17 IST" name="My_Demo_Frame_Work Naukari Suite" finished-at="2025-02-13T18:01:29 IST" duration-ms="11803">
    <groups>
    </groups>
    <test started-at="2025-02-13T18:01:17 IST" name="Naukari_Web_App  Test Cases" finished-at="2025-02-13T18:01:29 IST" duration-ms="11803">
      <class name="com.naukari.test_cases.user_side.Test_1_Naukari_Tests">
        <test-method is-config="true" signature="beforeSuite()[pri:0, instance:com.naukari.test_cases.user_side.Test_1_Naukari_Tests@36b4fe2a]" started-at="2025-02-13T18:01:17 IST" name="beforeSuite" finished-at="2025-02-13T18:01:17 IST" duration-ms="19" status="PASS">
          <reporter-output>
          </reporter-output>
        </test-method> <!-- beforeSuite -->
        <test-method is-config="true" signature="initialization()[pri:0, instance:com.naukari.test_cases.user_side.Test_1_Naukari_Tests@36b4fe2a]" started-at="2025-02-13T18:01:17 IST" name="initialization" finished-at="2025-02-13T18:01:29 IST" duration-ms="11395" status="PASS">
          <reporter-output>
            <line>
              <![CDATA[<B><font color = 'orange'>Username .</font></B> Entered User ID]]>
            </line>
            <line>
              <![CDATA[<B><font color = 'orange'>Username .</font></B> Entered User ID]]>
            </line>
            <line>
              <![CDATA[<B><font color = 'orange'>Password .</font></B> Entered Password]]>
            </line>
            <line>
              <![CDATA[<B><font color = 'orange'>Sign In Button .</font></B> Clicked on Submit Button]]>
            </line>
          </reporter-output>
        </test-method> <!-- initialization -->
        <test-method signature="User_login()[pri:1, instance:com.naukari.test_cases.user_side.Test_1_Naukari_Tests@36b4fe2a]" started-at="2025-02-13T18:01:29 IST" name="User_login" finished-at="2025-02-13T18:01:29 IST" duration-ms="2" status="PASS">
          <reporter-output>
          </reporter-output>
        </test-method> <!-- User_login -->
        <test-method is-config="true" signature="tearDown(org.testng.ITestResult)[pri:0, instance:com.naukari.test_cases.user_side.Test_1_Naukari_Tests@36b4fe2a]" started-at="2025-02-13T18:01:29 IST" name="tearDown" finished-at="2025-02-13T18:01:29 IST" duration-ms="366" status="PASS">
          <params>
            <param index="0">
              <value>
                <![CDATA[[TestResult name=User_login status=SUCCESS method=Test_1_Naukari_Tests.User_login()[pri:1, instance:com.naukari.test_cases.user_side.Test_1_Naukari_Tests@36b4fe2a] output={null}]]]>
              </value>
            </param>
          </params>
          <reporter-output>
          </reporter-output>
        </test-method> <!-- tearDown -->
      </class> <!-- com.naukari.test_cases.user_side.Test_1_Naukari_Tests -->
    </test> <!-- Naukari_Web_App  Test Cases -->
  </suite> <!-- My_Demo_Frame_Work Naukari Suite -->
</testng-results>
